
=== Mon Jul  1 16:53:15 2024

Packages were changed.
Update Mode: mergeDefaultDependencies

The following packages were updated:
  com.unity.render-pipelines.universal from version 14.0.7 to 14.0.11
  com.unity.visualscripting from version 1.9.1 to 1.9.4
  com.unity.xr.arcore from version 5.1.1 to 5.1.4
  com.unity.xr.arfoundation from version 5.1.1 to 5.1.4
  com.unity.xr.arkit from version 5.1.1 to 5.1.4
  com.unity.xr.interaction.toolkit from version 2.5.2 to 2.5.4

=== Wed Jul  3 09:11:31 2024

Packages were changed.
Update Mode: updateDependencies

The following packages were updated:
  com.unity.ide.rider from version 3.0.27 to 3.0.28

=== Wed Jul  3 09:11:31 2024

Packages were changed.
Update Mode: mergeDefaultDependencies

The following packages were added:
  com.unity.2d.sprite@1.0.0
  com.unity.2d.tilemap@1.0.0
  com.unity.ads@4.4.2
  com.unity.ai.navigation@1.1.5
  com.unity.analytics@3.8.1
  com.unity.ext.nunit@1.0.6
  com.unity.ide.rider@3.0.28
